0 info it worked if it ends with ok
1 verbose cli [ '/home/ubuntu/.nvm/versions/node/v4.4.7/bin/node',
1 verbose cli   '/home/ubuntu/.nvm/versions/node/v4.4.7/bin/npm',
1 verbose cli   'publish' ]
2 info using npm@2.15.8
3 info using node@v4.4.7
4 verbose publish [ '.' ]
5 silly cache add args [ '.', null ]
6 verbose cache add spec .
7 silly cache add parsed spec Result {
7 silly cache add   raw: '.',
7 silly cache add   scope: null,
7 silly cache add   name: null,
7 silly cache add   rawSpec: '.',
7 silly cache add   spec: '/home/ubuntu/workspace/workspace/contxjs',
7 silly cache add   type: 'directory' }
8 verbose addLocalDirectory /home/ubuntu/.npm/@smartface/contx/1.0.0-rc.1/package.tgz not in flight; packing
9 verbose correctMkdir /home/ubuntu/.npm correctMkdir not in flight; initializing
10 verbose tar pack [ '/home/ubuntu/.npm/@smartface/contx/1.0.0-rc.1/package.tgz',
10 verbose tar pack   '/home/ubuntu/workspace/workspace/contxjs' ]
11 verbose tarball /home/ubuntu/.npm/@smartface/contx/1.0.0-rc.1/package.tgz
12 verbose folder /home/ubuntu/workspace/workspace/contxjs
13 info prepublish @smartface/contx@1.0.0-rc.1
14 verbose addLocalTarball adding from inside cache /home/ubuntu/.npm/@smartface/contx/1.0.0-rc.1/package.tgz
15 verbose correctMkdir /home/ubuntu/.npm correctMkdir not in flight; initializing
16 silly cache afterAdd @smartface/contx@1.0.0-rc.1
17 verbose afterAdd /home/ubuntu/.npm/@smartface/contx/1.0.0-rc.1/package/package.json not in flight; writing
18 verbose correctMkdir /home/ubuntu/.npm correctMkdir not in flight; initializing
19 verbose afterAdd /home/ubuntu/.npm/@smartface/contx/1.0.0-rc.1/package/package.json written
20 silly publish { name: '@smartface/contx',
20 silly publish   version: '1.0.0-rc.1',
20 silly publish   description: 'Calendar Component',
20 silly publish   main: 'index.js',
20 silly publish   scripts:
20 silly publish    { test: 'mocha --compilers js:babel-core/register --debug ./test/**/*.test.js',
20 silly publish      'test:watch': 'mocha --watch --compilers js:babel-core/register --debug ./test/**/*.test.js',
20 silly publish      build: 'babel ./src/ --out-dir -d ./lib/.',
20 silly publish      'build:dev': 'babel ./src/ --out-dir -d ../scripts/node_modules/@smartface/contx',
20 silly publish      'dev:sync': 'mkdir -p ../scripts/node_modules/@smartface/contx && cp -r -t ../scripts/node_modules/@smartface/contx lib package.json ',
20 silly publish      'dev:link': 'npm run build && npm run dev:sync',
20 silly publish      postinstall: 'npm run build',
20 silly publish      'docs:create': 'jsdox ./src -o docs',
20 silly publish      jase: 'jase' },
20 silly publish   repository:
20 silly publish    { type: 'git',
20 silly publish      url: 'git+https://github.com/smartface/sf-component-calendar.git' },
20 silly publish   keywords: [ 'javascript', 'mobile', 'styling', 'style' ],
20 silly publish   author: { name: 'Cenk Cetinkaya' },
20 silly publish   license: 'MIT',
20 silly publish   bugs: { url: 'https://github.com/smartface/contxjs/issues' },
20 silly publish   homepage: 'https://github.com/smartface/contxjs#readme',
20 silly publish   devDependencies:
20 silly publish    { 'babel-cli': '^6.24.1',
20 silly publish      'babel-core': '^6.24.1',
20 silly publish      'babel-plugin-add-module-exports': '^0.2.1',
20 silly publish      'babel-plugin-transform-es2015-modules-umd': '^6.24.1',
20 silly publish      'babel-plugin-transform-object-rest-spread': '^6.26.0',
20 silly publish      'babel-preset-es2015': '^6.24.1',
20 silly publish      'babel-preset-stage-0': '^6.24.1',
20 silly publish      chai: '^3.5.0',
20 silly publish      commitizen: '^2.9.6',
20 silly publish      'conventional-changelog-cli': '^1.3.1',
20 silly publish      'cross-env': '^4.0.0',
20 silly publish      'cz-conventional-changelog': '^2.0.0',
20 silly publish      'cz-customizable': '^5.0.0',
20 silly publish      eslint: '^3.19.0',
20 silly publish      'eslint-plugin-react': '^6.10.3',
20 silly publish      jase: '^1.2.0',
20 silly publish      jsdox: '^0.4.10',
20 silly publish      minimist: '^1.2.0',
20 silly publish      mocha: '^3.3.0',
20 silly publish      semver: '^5.3.0' },
20 silly publish   dependencies:
20 silly publish    { '@smartface/styler': '^1.3.14',
20 silly publish      filtrex: '^0.5.4',
20 silly publish      install: '^0.10.1',
20 silly publish      moment: '^2.18.1',
20 silly publish      'moment-hijri': '^2.0.1' },
20 silly publish   config:
20 silly publish    { commitizen: { path: './node_modules/cz-customizable' },
20 silly publish      'cz-customizable':
20 silly publish       { path: './node_modules/cz-conventional-changelog',
20 silly publish         config: './.cz-config.js' } },
20 silly publish   readme: '# contxjs',
20 silly publish   readmeFilename: 'README.md',
20 silly publish   gitHead: '96adf19a31b95c3e554830b70e69b80daddbc439',
20 silly publish   _id: '@smartface/contx@1.0.0-rc.1',
20 silly publish   _shasum: '8449acce3c8ff26a97c369cb51b6723a02cde254',
20 silly publish   _from: '.' }
21 verbose getPublishConfig undefined
22 silly mapToRegistry name @smartface/contx
23 silly mapToRegistry scope (from package name) @smartface
24 verbose mapToRegistry no registry URL found in name for scope @smartface
25 silly mapToRegistry using default registry
26 silly mapToRegistry registry https://registry.npmjs.org/
27 silly mapToRegistry data Result {
27 silly mapToRegistry   raw: '@smartface/contx',
27 silly mapToRegistry   scope: '@smartface',
27 silly mapToRegistry   name: '@smartface/contx',
27 silly mapToRegistry   rawSpec: '',
27 silly mapToRegistry   spec: 'latest',
27 silly mapToRegistry   type: 'tag' }
28 silly mapToRegistry uri https://registry.npmjs.org/@smartface%2fcontx
29 verbose publish registryBase https://registry.npmjs.org/
30 silly publish uploading /home/ubuntu/.npm/@smartface/contx/1.0.0-rc.1/package.tgz
31 verbose stack Error: auth required for publishing
31 verbose stack     at CachingRegistryClient.publish (/home/ubuntu/.nvm/versions/node/v4.4.7/lib/node_modules/npm/node_modules/npm-registry-client/lib/publish.js:30:14)
31 verbose stack     at /home/ubuntu/.nvm/versions/node/v4.4.7/lib/node_modules/npm/lib/publish.js:134:14
31 verbose stack     at mapToRegistry (/home/ubuntu/.nvm/versions/node/v4.4.7/lib/node_modules/npm/lib/utils/map-to-registry.js:62:3)
31 verbose stack     at publish_ (/home/ubuntu/.nvm/versions/node/v4.4.7/lib/node_modules/npm/lib/publish.js:104:3)
31 verbose stack     at Array.<anonymous> (/home/ubuntu/.nvm/versions/node/v4.4.7/lib/node_modules/npm/node_modules/slide/lib/bind-actor.js:15:8)
31 verbose stack     at LOOP (/home/ubuntu/.nvm/versions/node/v4.4.7/lib/node_modules/npm/node_modules/slide/lib/chain.js:15:14)
31 verbose stack     at LOOP (/home/ubuntu/.nvm/versions/node/v4.4.7/lib/node_modules/npm/node_modules/slide/lib/chain.js:14:28)
31 verbose stack     at chain (/home/ubuntu/.nvm/versions/node/v4.4.7/lib/node_modules/npm/node_modules/slide/lib/chain.js:20:5)
31 verbose stack     at /home/ubuntu/.nvm/versions/node/v4.4.7/lib/node_modules/npm/lib/publish.js:73:5
31 verbose stack     at RES (/home/ubuntu/.nvm/versions/node/v4.4.7/lib/node_modules/npm/node_modules/inflight/inflight.js:23:14)
32 verbose cwd /home/ubuntu/workspace/workspace/contxjs
33 error Linux 4.9.17-c9
34 error argv "/home/ubuntu/.nvm/versions/node/v4.4.7/bin/node" "/home/ubuntu/.nvm/versions/node/v4.4.7/bin/npm" "publish"
35 error node v4.4.7
36 error npm  v2.15.8
37 error code ENEEDAUTH
38 error need auth auth required for publishing
38 error need auth You need to authorize this machine using `npm adduser`
39 verbose exit [ 1, true ]
